<?xml version="1.0" encoding="UTF-8"?>
<!-- Generated by org.testng.reporters.JUnitXMLReporter -->
<testsuite hostname="LAPTOP-PATGFM90" ignored="0" tests="2" failures="1" timestamp="26 Feb 2020 11:41:53 GMT" time="0.044" errors="0">
  <testcase name="m1" time="0.0" classname="TestAnnotations">
    <failure type="org.testng.TestNGException" message="
Parameter &amp;apos;Rollno&amp;apos; is required by @Test on method m1 but has not been marked @Optional or defined
in C:\Users\Hp\eclipse-workspace\Firstseleniumproject\testng.xml">
      <![CDATA[org.testng.TestNGException: 
Parameter 'Rollno' is required by @Test on method m1 but has not been marked @Optional or defined
in C:\Users\Hp\eclipse-workspace\Firstseleniumproject\testng.xml
... Removed 24 stack frames]]>
    </failure>
  </testcase> <!-- m1 -->
  <testcase name="m3" time="0.002" classname="TestAnnotations"/>
</testsuite>
